[2021-11-08 13:28:41,050][INFO] [Module: workers] [Class: SQLLiteProcessor Internal database already exist] [Method: isDb]
[2021-11-08 13:28:41,050][INFO] [Module: workers] [Class: SQLLiteProcessor Re-creating application schema] [Method: isDb]
[2021-11-08 13:28:41,054][INFO] [Module: workers] [Class: SQLLiteProcessor Database created] [Method: initDb]
[2021-11-08 13:28:41,054][INFO] [Module: cpe_model] [Class: CPEModel Result fetch start] [Method: process_device_data]
[2021-11-08 13:28:41,054][INFO] [Module: cpe_model] [Class: CPEModel new object of MySQLProcessor created] [Method: process_device_data]
[2021-11-08 13:28:41,054][INFO] [Module: cpe_model] [Class: CPEModel Result fetch start] [Method: process_device_data]
[2021-11-08 13:28:41,054][INFO] [Module: cpe_model] [Class: CPEModel New instance MySQLProcessor created] [Method: get_ids]
[2021-11-08 13:28:41,971][INFO] [Module: cpe_model] [Class: CPEModel Result fetched] [Method: get_ids]
[2021-11-08 13:28:44,956][INFO] [Module: cpe_model] [Class: CPEModel[Process-32][CPE-99] [Method: process_device_data]
[2021-11-08 13:28:45,073][INFO] [Module: workers] [Class: SQLLiteProcessor InsertedID - 1] [Method: insert_data]
[2021-11-08 13:28:48,442][INFO] [Module: cpe_model] [Class: CPEModel[Process-17324][CPE-102] [Method: process_device_data]
[2021-11-08 13:28:48,578][INFO] [Module: workers] [Class: SQLLiteProcessor InsertedID - 2] [Method: insert_data]
[2021-11-08 13:28:51,876][INFO] [Module: cpe_model] [Class: CPEModel[Process-2604][CPE-103] [Method: process_device_data]
[2021-11-08 13:28:52,000][INFO] [Module: workers] [Class: SQLLiteProcessor InsertedID - 3] [Method: insert_data]
[2021-11-08 13:28:54,995][INFO] [Module: cpe_model] [Class: CPEModel[Process-15336][CPE-134] [Method: process_device_data]
[2021-11-08 13:28:55,129][INFO] [Module: workers] [Class: SQLLiteProcessor InsertedID - 4] [Method: insert_data]
[2021-11-08 13:28:58,140][INFO] [Module: cpe_model] [Class: CPEModel[Process-1564][CPE-138] [Method: process_device_data]
[2021-11-08 13:28:58,257][INFO] [Module: workers] [Class: SQLLiteProcessor InsertedID - 5] [Method: insert_data]
[2021-11-08 13:29:01,271][INFO] [Module: cpe_model] [Class: CPEModel[Process-18336][CPE-151] [Method: process_device_data]
[2021-11-08 13:29:01,411][INFO] [Module: workers] [Class: SQLLiteProcessor InsertedID - 6] [Method: insert_data]
[2021-11-08 13:29:07,422][INFO] [Module: cpe_model] [Class: CPEModel[Process-1972][CPE-174] [Method: process_device_data]
[2021-11-08 13:29:07,552][INFO] [Module: workers] [Class: SQLLiteProcessor InsertedID - 7] [Method: insert_data]
[2021-11-08 13:29:10,935][INFO] [Module: cpe_model] [Class: CPEModel[Process-4332][CPE-183] [Method: process_device_data]
[2021-11-08 13:29:11,058][INFO] [Module: workers] [Class: SQLLiteProcessor InsertedID - 8] [Method: insert_data]
[2021-11-08 13:29:14,175][INFO] [Module: cpe_model] [Class: CPEModel[Process-8336][CPE-192] [Method: process_device_data]
[2021-11-08 13:29:14,305][INFO] [Module: workers] [Class: SQLLiteProcessor InsertedID - 9] [Method: insert_data]
[2021-11-08 13:29:17,696][INFO] [Module: cpe_model] [Class: CPEModel[Process-3880][CPE-203] [Method: process_device_data]
[2021-11-08 13:29:17,816][INFO] [Module: workers] [Class: SQLLiteProcessor InsertedID - 10] [Method: insert_data]
[2021-11-08 13:29:21,221][INFO] [Module: cpe_model] [Class: CPEModel[Process-9368][CPE-204] [Method: process_device_data]
[2021-11-08 13:29:21,346][INFO] [Module: workers] [Class: SQLLiteProcessor InsertedID - 11] [Method: insert_data]
[2021-11-08 13:29:24,739][INFO] [Module: cpe_model] [Class: CPEModel[Process-2108][CPE-205] [Method: process_device_data]
[2021-11-08 13:29:24,855][INFO] [Module: workers] [Class: SQLLiteProcessor InsertedID - 12] [Method: insert_data]
[2021-11-08 13:29:28,149][INFO] [Module: cpe_model] [Class: CPEModel[Process-14968][CPE-226] [Method: process_device_data]
[2021-11-08 13:29:28,271][INFO] [Module: workers] [Class: SQLLiteProcessor InsertedID - 13] [Method: insert_data]
[2021-11-08 13:29:31,272][INFO] [Module: cpe_model] [Class: CPEModel[Process-11132][CPE-287] [Method: process_device_data]
[2021-11-08 13:29:31,396][INFO] [Module: workers] [Class: SQLLiteProcessor InsertedID - 14] [Method: insert_data]
[2021-11-08 13:29:34,380][INFO] [Module: cpe_model] [Class: CPEModel[Process-13820][CPE-288] [Method: process_device_data]
[2021-11-08 13:29:34,525][INFO] [Module: workers] [Class: SQLLiteProcessor InsertedID - 15] [Method: insert_data]
[2021-11-08 13:29:37,800][INFO] [Module: cpe_model] [Class: CPEModel[Process-5192][CPE-289] [Method: process_device_data]
[2021-11-08 13:29:37,921][INFO] [Module: workers] [Class: SQLLiteProcessor InsertedID - 16] [Method: insert_data]
[2021-11-08 13:29:40,953][INFO] [Module: cpe_model] [Class: CPEModel[Process-9768][CPE-290] [Method: process_device_data]
[2021-11-08 13:29:41,080][INFO] [Module: workers] [Class: SQLLiteProcessor InsertedID - 17] [Method: insert_data]
[2021-11-08 13:29:44,073][INFO] [Module: cpe_model] [Class: CPEModel[Process-17088][CPE-292] [Method: process_device_data]
[2021-11-08 13:29:44,191][INFO] [Module: workers] [Class: SQLLiteProcessor InsertedID - 18] [Method: insert_data]
[2021-11-08 13:29:45,255][ERROR] [Module: workers] [Class: MySQLProcessor error bytearray index out of range] [Method: fetch_result]
[2021-11-08 13:29:46,535][ERROR] [Module: cpe_model] [Class: CPEModel error local variable 'cursor' referenced before assignment] [Method: process_device_data]
Traceback (most recent call last):
  File "C:\Users\kiril\Documents\LenovoData\Dev\DataReport_v2.0.3\workers.py", line 21, in fetch_result
    connection = mysql.connector.connect(**MYSQL_DBCONFIG)
  File "C:\Users\kiril\AppData\Local\Programs\Python\Python39\lib\site-packages\mysql\connector\__init__.py", line 179, in connect
    return MySQLConnection(*args, **kwargs)
  File "C:\Users\kiril\AppData\Local\Programs\Python\Python39\lib\site-packages\mysql\connector\connection.py", line 95, in __init__
    self.connect(**kwargs)
  File "C:\Users\kiril\AppData\Local\Programs\Python\Python39\lib\site-packages\mysql\connector\abstracts.py", line 716, in connect
    self._open_connection()
  File "C:\Users\kiril\AppData\Local\Programs\Python\Python39\lib\site-packages\mysql\connector\connection.py", line 206, in _open_connection
    self._socket.open_connection()
  File "C:\Users\kiril\AppData\Local\Programs\Python\Python39\lib\site-packages\mysql\connector\network.py", line 509, in open_connection
    self.sock.connect(sockaddr)
KeyboardInterrupt

During handling of the above exception, another exception occurred:

Traceback (most recent call last):
  File "C:\Users\kiril\Documents\LenovoData\Dev\DataReport_v2.0.3\cpe_model.py", line 99, in process_device_data
    connectiontype = Processor.fetch_result(WAN_CONN_Q+f"n.name = '{conn_param}' and p.cpe_id = {i}")
  File "C:\Users\kiril\Documents\LenovoData\Dev\DataReport_v2.0.3\workers.py", line 38, in fetch_result
    if cursor and connection:
UnboundLocalError: local variable 'cursor' referenced before assignment
[2021-11-08 13:29:46,537][INFO] [Module: cpe_model] [Class: CPEModel Result fetch end] [Method: process_device_data]
[2021-11-08 13:31:03,142][INFO] [Module: cpe_model] [Class: CPEModel>[ProcessingReport: full]] [Method: report]
[2021-11-08 13:31:03,147][INFO] [Module: workers] [Class: SQLLiteProcessor cpeModel queried] [Method: select_data]
[2021-11-08 13:31:03,162][INFO] [Module: cpe_model] [Class: CPEModel[Process-19060][CPE-99] [Method: report]
[2021-11-08 13:31:03,289][INFO] [Module: cpe_model] [Class: CPEModel[Process-14864][CPE-102] [Method: report]
[2021-11-08 13:31:03,424][INFO] [Module: cpe_model] [Class: CPEModel[Process-2516][CPE-103] [Method: report]
[2021-11-08 13:31:03,547][INFO] [Module: cpe_model] [Class: CPEModel[Process-2784][CPE-134] [Method: report]
[2021-11-08 13:31:03,688][INFO] [Module: cpe_model] [Class: CPEModel[Process-100][CPE-138] [Method: report]
[2021-11-08 13:31:03,815][INFO] [Module: cpe_model] [Class: CPEModel[Process-1460][CPE-151] [Method: report]
[2021-11-08 13:31:03,954][INFO] [Module: cpe_model] [Class: CPEModel[Process-2828][CPE-174] [Method: report]
[2021-11-08 13:31:04,081][INFO] [Module: cpe_model] [Class: CPEModel[Process-4804][CPE-183] [Method: report]
[2021-11-08 13:31:04,216][INFO] [Module: cpe_model] [Class: CPEModel[Process-11452][CPE-192] [Method: report]
[2021-11-08 13:31:04,345][INFO] [Module: cpe_model] [Class: CPEModel[Process-18688][CPE-203] [Method: report]
[2021-11-08 13:31:04,482][INFO] [Module: cpe_model] [Class: CPEModel[Process-19200][CPE-204] [Method: report]
[2021-11-08 13:31:04,610][INFO] [Module: cpe_model] [Class: CPEModel[Process-168][CPE-205] [Method: report]
[2021-11-08 13:31:04,748][INFO] [Module: cpe_model] [Class: CPEModel[Process-7448][CPE-226] [Method: report]
[2021-11-08 13:31:04,877][INFO] [Module: cpe_model] [Class: CPEModel[Process-14852][CPE-287] [Method: report]
[2021-11-08 13:31:05,014][INFO] [Module: cpe_model] [Class: CPEModel[Process-11368][CPE-288] [Method: report]
[2021-11-08 13:31:05,147][INFO] [Module: cpe_model] [Class: CPEModel[Process-17344][CPE-289] [Method: report]
[2021-11-08 13:31:05,278][INFO] [Module: cpe_model] [Class: CPEModel[Process-14496][CPE-290] [Method: report]
[2021-11-08 13:31:05,404][INFO] [Module: cpe_model] [Class: CPEModel[Process-15380][CPE-292] [Method: report]
